
ROM used:   234/8192 (3%)
            234/8192 (3%) including unused fragments

            0.3 Average locations per line
            6.0 Average locations per statement

RAM used:   10/368 (3%) at main() level
            13/368 (4%) worst case

Stack used: 1 worst case (1 in main + 0 for interrupts)
Stack size: 8

Lines Stmts  %   Files
----- ----- ---  -----
   58    39 100  up down (update).c
  809     0   0  ..\..\..\..\..\..\Program Files (x86)\PICC\Devices\16F887.h
----- -----
  867    39 Total

Page ROM  %  RAM    Vol Diff  Functions:
---- --- --- ---    --- ----  ----------
0     20   9    1             @delay_ms1
0     14   6    0             @const708
0     59  25    1    392  7.0  up
0     21   9    3             @DIV88
0     58  25    1    392  7.0  down
0     58  25    0    214  2.7  MAIN
 Inline         0             @cinit1

Program metrics:
    Functions               3
    Statements              39
    Comments                135
    Volume (V)              1301
    Difficulty (D)          15.9
    Effort to implement (E) 20659
    Time to implement (T)   19 minutes
    Est Delivered Bugs (B)  0
    Cyclomatic Complexity   8
    Maintainability (MI)    56

 Segment     Used  Free
-----------  ----  ----
00000-00003     4  0  
00004-007FF   230  1814  
00800-00FFF     0  2048  
01000-017FF     0  2048  
01800-01FFF     0  2048  



