
ROM used:   160/8192 (2%)
            160/8192 (2%) including unused fragments

            0.2 Average locations per line
            4.6 Average locations per statement

RAM used:   7/368 (2%) at main() level
            11/368 (3%) worst case

Stack used: 0 worst case (0 in main + 0 for interrupts)
Stack size: 8

Lines Stmts  %   Files
----- ----- ---  -----
   42    35 100  matrix_4x4.c
    5     0   0  matrix_4x4.h
  809     0   0  ..\..\..\..\..\..\Program Files (x86)\PICC\Devices\16F887.h
----- -----
  856    35 Total

Page ROM  %  RAM    Vol Diff  Functions:
---- --- --- ---    --- ----  ----------
 Inline         1             @delay_ms2
0     20  12    0    785  8.7  @const712
0     95  59    5    785  8.7  keypad
0     41  26    2    163  3.5  MAIN
 Inline         0             @cinit1

Program metrics:
    Functions               3
    Statements              35
    Comments                135
    Volume (V)              2149
    Difficulty (D)          20.6
    Effort to implement (E) 44196
    Time to implement (T)   41 minutes
    Est Delivered Bugs (B)  0
    Cyclomatic Complexity   13
    Maintainability (MI)    55

 Segment     Used  Free
-----------  ----  ----
00000-00003     4  0  
00004-007FF   156  1888  
00800-00FFF     0  2048  
01000-017FF     0  2048  
01800-01FFF     0  2048  



