
ROM used:   271/8192 (3%)
            271/8192 (3%) including unused fragments

            0.3 Average locations per line
            7.7 Average locations per statement

RAM used:   10/368 (3%) at main() level
            12/368 (3%) worst case

Stack used: 1 worst case (1 in main + 0 for interrupts)
Stack size: 8

Lines Stmts  %   Files
----- ----- ---  -----
   31    35 100  main.c
  809     0   0  ..\..\..\..\..\..\Program Files (x86)\PICC\Devices\16F887.h
----- -----
  840    35 Total

Page ROM  %  RAM    Vol Diff  Functions:
---- --- --- ---    --- ----  ----------
0     20   7    1             @delay_ms1
0     14   5    0             @const711
0    212  78    4   1222  5.9  main
0     21   8    3             @DIV88
 Inline         0             @cinit1

Program metrics:
    Functions               1
    Statements              35
    Comments                135
    Volume (V)              1233
    Difficulty (D)          5.6
    Effort to implement (E) 6915
    Time to implement (T)   6 minutes
    Est Delivered Bugs (B)  0
    Cyclomatic Complexity   3
    Maintainability (MI)    38

 Segment     Used  Free
-----------  ----  ----
00000-00003     4  0  
00004-007FF   267  1777  
00800-00FFF     0  2048  
01000-017FF     0  2048  
01800-01FFF     0  2048  



