
ROM used:   204/8192 (2%)
            204/8192 (2%) including unused fragments

            0.2 Average locations per line
            5.4 Average locations per statement

RAM used:   8/368 (2%) at main() level
            10/368 (3%) worst case

Stack used: 2 worst case (2 in main + 0 for interrupts)
Stack size: 8

Lines Stmts  %   Files
----- ----- ---  -----
   61    38 100  Timer.c
  809     0   0  ..\..\..\..\..\Program Files (x86)\PICC\Devices\16F887.h
----- -----
  870    38 Total

Page ROM  %  RAM    Vol Diff  Functions:
---- --- --- ---    --- ----  ----------
0     20  10    1             @delay_ms1
0     25  12    1    125  1.3  lcd_command
0     25  12    1    125  1.3  lcd_data
0     24  12    0    127  1.3  lcd_setup
0     85  42    3    545  7.2  MAIN
0     21  10    3             @DIV88
 Inline         0             @cinit1

Program metrics:
    Functions               4
    Statements              38
    Comments                135
    Volume (V)              1250
    Difficulty (D)          10.6
    Effort to implement (E) 13283
    Time to implement (T)   12 minutes
    Est Delivered Bugs (B)  0
    Cyclomatic Complexity   2
    Maintainability (MI)    125

 Segment     Used  Free
-----------  ----  ----
00000-00003     4  0  
00004-007FF   200  1844  
00800-00FFF     0  2048  
01000-017FF     0  2048  
01800-01FFF     0  2048  



