
ROM used:   121/8192 (1%)
            121/8192 (1%) including unused fragments

            0.1 Average locations per line
            8.1 Average locations per statement

RAM used:   7/368 (2%) at main() level
            8/368 (2%) worst case

Stack used: 0 worst case (0 in main + 0 for interrupts)
Stack size: 8

Lines Stmts  %   Files
----- ----- ---  -----
   17    15 100  scanning.c
  809     0   0  ..\..\..\..\..\..\Program Files (x86)\PICC\Devices\16F887.h
----- -----
  826    15 Total

Page ROM  %  RAM    Vol Diff  Functions:
---- --- --- ---    --- ----  ----------
0     20  17    1             @delay_ms1
0     97  80    1    321  2.3  main
 Inline         0             @cinit1

Program metrics:
    Functions               1
    Statements              15
    Comments                135
    Volume (V)              325
    Difficulty (D)          2.2
    Effort to implement (E) 715
    Time to implement (T)   1 minutes
    Est Delivered Bugs (B)  0
    Cyclomatic Complexity   1
    Maintainability (MI)    59

 Segment     Used  Free
-----------  ----  ----
00000-00003     4  0  
00004-007FF   117  1927  
00800-00FFF     0  2048  
01000-017FF     0  2048  
01800-01FFF     0  2048  



