CCS PCM C Compiler, Version 5.101, 43599               06-Apr-22 14:00

               Filename:   C:\Users\Admin\Documents\Micro\7 seg LED\scanning\scanning.lst

               ROM used:   121 words (1%)
                           Largest free fragment is 2048
               RAM used:   7 (2%) at main() level
                           8 (2%) worst case
               Stack used: 0 locations
               Stack size: 8

*
0000:  MOVLW  00
0001:  MOVWF  0A
0002:  GOTO   018
0003:  NOP
.................... #include <16F887.h>
.................... //////////// Standard Header file for the PIC16F887 device ////////////////
.................... ///////////////////////////////////////////////////////////////////////////
.................... ////        (C) Copyright 1996, 2020 Custom Computer Services          ////
.................... //// This source code may only be used by licensed users of the CCS C  ////
.................... //// compiler.  This source code may only be distributed to other      ////
.................... //// licensed users of the CCS C compiler.  No other use, reproduction ////
.................... //// or distribution is permitted without written permission.          ////
.................... //// Derivative programs created using this software in object code    ////
.................... //// form are not restricted in any way.                               ////
.................... ///////////////////////////////////////////////////////////////////////////
.................... #device PIC16F887
.................... 
.................... #list
.................... 
.................... #FUSES NOWDT, PUT, HS, NOPROTECT, NOLVP
.................... #USE DELAY(CLOCK=20M)
0004:  MOVLW  22
0005:  MOVWF  04
0006:  BCF    03.7
0007:  MOVF   00,W
0008:  BTFSC  03.2
0009:  GOTO   017
000A:  MOVLW  06
000B:  MOVWF  78
000C:  CLRF   77
000D:  DECFSZ 77,F
000E:  GOTO   00D
000F:  DECFSZ 78,F
0010:  GOTO   00C
0011:  MOVLW  7B
0012:  MOVWF  77
0013:  DECFSZ 77,F
0014:  GOTO   013
0015:  DECFSZ 00,F
0016:  GOTO   00A
0017:  RETURN
.................... const unsigned int8 Anode[10]={0xC0, 0xF9, 0xA4, 0xB0, 0x99, 0x92, 0x82, 0xF8, 0x80, 0x90};
.................... const unsigned int8 Cathode[10]={0x3F, 0x06, 0x5B, 0x4F, 0x66, 0x6D, 0x7D, 0x07, 0x7F, 0x6F};
.................... void main()
0018:  MOVF   03,W
0019:  ANDLW  1F
001A:  MOVWF  03
001B:  MOVLW  FF
001C:  MOVWF  20
001D:  BSF    03.5
001E:  BSF    03.6
001F:  MOVF   09,W
0020:  ANDLW  C0
0021:  MOVWF  09
0022:  BCF    03.6
0023:  BCF    1F.4
0024:  BCF    1F.5
0025:  MOVLW  00
0026:  BSF    03.6
0027:  MOVWF  08
0028:  BCF    03.5
0029:  CLRF   07
002A:  CLRF   08
002B:  CLRF   09
002C:  BCF    03.7
.................... {
....................    set_tris_c(0x00);
002D:  MOVLW  00
002E:  BSF    03.5
002F:  BCF    03.6
0030:  MOVWF  07
0031:  BCF    03.5
0032:  MOVWF  20
....................    set_tris_d(0x00);
0033:  BSF    03.5
0034:  MOVWF  08
....................    set_tris_a(0xFF);
0035:  MOVLW  FF
0036:  MOVWF  05
....................    while(true)
....................    {
....................       output_c(Cathode[1]);output_d(0xFE);delay_ms(1000);output_d(0xFF);delay_ms(1000);
0037:  MOVLW  00
0038:  BCF    03.5
0039:  MOVWF  20
003A:  BSF    03.5
003B:  CLRF   07
003C:  MOVLW  06
003D:  BCF    03.5
003E:  MOVWF  07
003F:  BSF    03.5
0040:  CLRF   08
0041:  MOVLW  FE
0042:  BCF    03.5
0043:  MOVWF  08
0044:  MOVLW  04
0045:  MOVWF  21
0046:  MOVLW  FA
0047:  MOVWF  22
0048:  CALL   004
0049:  DECFSZ 21,F
004A:  GOTO   046
004B:  BSF    03.5
004C:  CLRF   08
004D:  MOVLW  FF
004E:  BCF    03.5
004F:  MOVWF  08
0050:  MOVLW  04
0051:  MOVWF  21
0052:  MOVLW  FA
0053:  MOVWF  22
0054:  CALL   004
0055:  DECFSZ 21,F
0056:  GOTO   052
....................       output_c(Cathode[9]);output_d(0xFD);delay_ms(1000);output_d(0xFF);delay_ms(1000);
0057:  MOVLW  00
0058:  MOVWF  20
0059:  BSF    03.5
005A:  CLRF   07
005B:  MOVLW  6F
005C:  BCF    03.5
005D:  MOVWF  07
005E:  BSF    03.5
005F:  CLRF   08
0060:  MOVLW  FD
0061:  BCF    03.5
0062:  MOVWF  08
0063:  MOVLW  04
0064:  MOVWF  21
0065:  MOVLW  FA
0066:  MOVWF  22
0067:  CALL   004
0068:  DECFSZ 21,F
0069:  GOTO   065
006A:  BSF    03.5
006B:  CLRF   08
006C:  MOVLW  FF
006D:  BCF    03.5
006E:  MOVWF  08
006F:  MOVLW  04
0070:  MOVWF  21
0071:  MOVLW  FA
0072:  MOVWF  22
0073:  CALL   004
0074:  DECFSZ 21,F
0075:  GOTO   071
0076:  BSF    03.5
0077:  GOTO   037
....................    }
.................... }
0078:  SLEEP

Configuration Fuses:
   Word  1: 2FE2   HS NOWDT PUT MCLR NOPROTECT NOCPD BROWNOUT IESO FCMEN NOLVP NODEBUG
   Word  2: 3FFF   BORV40 NOWRT
