
ROM used:   228/8192 (3%)
            228/8192 (3%) including unused fragments

            0.3 Average locations per line
            7.4 Average locations per statement

RAM used:   9/368 (2%) at main() level
            14/368 (4%) worst case

Stack used: 1 worst case (1 in main + 0 for interrupts)
Stack size: 8

Lines Stmts  %   Files
----- ----- ---  -----
   51    31 100  up_down.c
  809     0   0  ..\..\..\..\..\Program Files (x86)\PICC\Devices\16F887.h
----- -----
  860    31 Total

Page ROM  %  RAM    Vol Diff  Functions:
---- --- --- ---    --- ----  ----------
0     20   9    1             @delay_ms1
0     14   6    0             @const708
0     55  24    1    262  4.6  up
0     21   9    3             @DIV88
0     59  26    2    299  5.1  down
0     55  24    0    214  2.7  MAIN
 Inline         0             @cinit1

Program metrics:
    Functions               3
    Statements              31
    Comments                135
    Volume (V)              1028
    Difficulty (D)          11.7
    Effort to implement (E) 12022
    Time to implement (T)   11 minutes
    Est Delivered Bugs (B)  0
    Cyclomatic Complexity   4
    Maintainability (MI)    61

 Segment     Used  Free
-----------  ----  ----
00000-00003     4  0  
00004-007FF   224  1820  
00800-00FFF     0  2048  
01000-017FF     0  2048  
01800-01FFF     0  2048  



