
ROM used:   255/8192 (3%)
            255/8192 (3%) including unused fragments

            0.3 Average locations per line
            6.4 Average locations per statement

RAM used:   15/368 (4%) at main() level
            17/368 (5%) worst case

Stack used: 3 worst case (2 in main + 1 for interrupts)
Stack size: 8

Lines Stmts  %   Files
----- ----- ---  -----
   66    40 100  Interrupt.c
  809     0   0  ..\..\..\..\..\Program Files (x86)\PICC\Devices\16F887.h
----- -----
  875    40 Total

Page ROM  %  RAM    Vol Diff  Functions:
---- --- --- ---    --- ----  ----------
0     20   8    1             @delay_ms1
0     25  10    1    125  1.3  lcd_command
0     25  10    1    125  1.3  lcd_data
0     24   9    0    127  1.3  lcd_setup
0     21   8    0    136  3.0  count
0     70  27    1    307  3.7  MAIN
0     21   8    3             @DIV88
 Inline         0             @cinit1

Program metrics:
    Functions               5
    Statements              40
    Comments                135
    Volume (V)              1229
    Difficulty (D)          10.4
    Effort to implement (E) 12755
    Time to implement (T)   12 minutes
    Est Delivered Bugs (B)  0
    Cyclomatic Complexity   2
    Maintainability (MI)    158

 Segment     Used  Free
-----------  ----  ----
00000-00003     4  0  
00004-00030    45  0  
00031-007FF   206  1793  
00800-00FFF     0  2048  
01000-017FF     0  2048  
01800-01FFF     0  2048  



